<?xml version="1.0" encoding="UTF-8" ?>
<testsuite failures="0" time="138.595" errors="4" skipped="0" tests="7" name="WCG.ResourceDirectory.Test_SRD_WCG_TX_US3">
  <properties>
    <property name="java.runtime.name" value="Java(TM) SE Runtime Environment"/>
    <property name="sun.boot.library.path" value="C:\Program Files\Java\jdk1.7.0_05\jre\bin"/>
    <property name="java.vm.version" value="23.1-b03"/>
    <property name="java.vm.vendor" value="Oracle Corporation"/>
    <property name="java.vendor.url" value="http://java.oracle.com/"/>
    <property name="path.separator" value=";"/>
    <property name="java.vm.name" value="Java HotSpot(TM) Client VM"/>
    <property name="file.encoding.pkg" value="sun.io"/>
    <property name="user.script" value=""/>
    <property name="user.country" value="US"/>
    <property name="sun.java.launcher" value="SUN_STANDARD"/>
    <property name="sun.os.patch.level" value="Service Pack 1"/>
    <property name="java.vm.specification.name" value="Java Virtual Machine Specification"/>
    <property name="user.dir" value="D:\workspace_d\myNGC"/>
    <property name="java.runtime.version" value="1.7.0_05-b05"/>
    <property name="java.awt.graphicsenv" value="sun.awt.Win32GraphicsEnvironment"/>
    <property name="basedir" value="D:\workspace_d\myNGC"/>
    <property name="java.endorsed.dirs" value="C:\Program Files\Java\jdk1.7.0_05\jre\lib\endorsed"/>
    <property name="os.arch" value="x86"/>
    <property name="surefire.real.class.path" value="C:\Users\ABHISH~1\AppData\Local\Temp\surefirebooter7133164556177875448.jar"/>
    <property name="java.io.tmpdir" value="C:\Users\ABHISH~1\AppData\Local\Temp\"/>
    <property name="line.separator" value="
"/>
    <property name="java.vm.specification.vendor" value="Oracle Corporation"/>
    <property name="user.variant" value=""/>
    <property name="os.name" value="Windows 7"/>
    <property name="sun.jnu.encoding" value="Cp1252"/>
    <property name="java.library.path" value="C:\Program Files\Java\jdk1.7.0_05\jre\bin;C:\Windows\Sun\Java\bin;C:\Windows\system32;C:\Windows;C:\Program Files\Java\jdk1.7.0_05\bin;D:\apache-maven-3.1.1\bin;."/>
    <property name="surefire.test.class.path" value="D:\workspace_d\myNGC\target\test-classes;D:\workspace_d\myNGC\target\classes;C:\Users\AbhishekK\.m2\repository\org\seleniumhq\selenium\selenium-server\2.37.0\selenium-server-2.37.0.jar;C:\Users\AbhishekK\.m2\repository\org\bouncycastle\bcprov-jdk15on\1.48\bcprov-jdk15on-1.48.jar;C:\Users\AbhishekK\.m2\repository\org\bouncycastle\bcpkix-jdk15on\1.48\bcpkix-jdk15on-1.48.jar;C:\Users\AbhishekK\.m2\repository\mx4j\mx4j-tools\3.0.1\mx4j-tools-3.0.1.jar;C:\Users\AbhishekK\.m2\repository\org\mortbay\jetty\servlet-api-2.5\6.1.9\servlet-api-2.5-6.1.9.jar;C:\Users\AbhishekK\.m2\repository\org\seleniumhq\selenium\jetty-repacked\7.6.1\jetty-repacked-7.6.1.jar;C:\Users\AbhishekK\.m2\repository\net\jcip\jcip-annotations\1.0\jcip-annotations-1.0.jar;C:\Users\AbhishekK\.m2\repository\org\seleniumhq\selenium\selenium-java\2.37.0\selenium-java-2.37.0.jar;C:\Users\AbhishekK\.m2\repository\org\seleniumhq\selenium\selenium-android-driver\2.37.0\selenium-android-driver-2.37.0.jar;C:\Users\AbhishekK\.m2\repository\org\seleniumhq\selenium\selenium-remote-driver\2.37.0\selenium-remote-driver-2.37.0.jar;C:\Users\AbhishekK\.m2\repository\cglib\cglib-nodep\2.1_3\cglib-nodep-2.1_3.jar;C:\Users\AbhishekK\.m2\repository\org\json\json\20080701\json-20080701.jar;C:\Users\AbhishekK\.m2\repository\com\google\guava\guava\15.0\guava-15.0.jar;C:\Users\AbhishekK\.m2\repository\org\seleniumhq\selenium\selenium-chrome-driver\2.37.0\selenium-chrome-driver-2.37.0.jar;C:\Users\AbhishekK\.m2\repository\org\seleniumhq\selenium\selenium-htmlunit-driver\2.37.0\selenium-htmlunit-driver-2.37.0.jar;C:\Users\AbhishekK\.m2\repository\net\sourceforge\htmlunit\htmlunit\2.13\htmlunit-2.13.jar;C:\Users\AbhishekK\.m2\repository\xalan\xalan\2.7.1\xalan-2.7.1.jar;C:\Users\AbhishekK\.m2\repository\xalan\serializer\2.7.1\serializer-2.7.1.jar;C:\Users\AbhishekK\.m2\repository\commons-collections\commons-collections\3.2.1\commons-collections-3.2.1.jar;C:\Users\AbhishekK\.m2\repository\org\apache\httpcomponents\httpmime\4.3.1\httpmime-4.3.1.jar;C:\Users\AbhishekK\.m2\repository\net\sourceforge\htmlunit\htmlunit-core-js\2.13\htmlunit-core-js-2.13.jar;C:\Users\AbhishekK\.m2\repository\xerces\xercesImpl\2.11.0\xercesImpl-2.11.0.jar;C:\Users\AbhishekK\.m2\repository\xml-apis\xml-apis\1.4.01\xml-apis-1.4.01.jar;C:\Users\AbhishekK\.m2\repository\net\sourceforge\nekohtml\nekohtml\1.9.19\nekohtml-1.9.19.jar;C:\Users\AbhishekK\.m2\repository\net\sourceforge\cssparser\cssparser\0.9.11\cssparser-0.9.11.jar;C:\Users\AbhishekK\.m2\repository\org\w3c\css\sac\1.3\sac-1.3.jar;C:\Users\AbhishekK\.m2\repository\commons-logging\commons-logging\1.1.3\commons-logging-1.1.3.jar;C:\Users\AbhishekK\.m2\repository\org\eclipse\jetty\jetty-websocket\8.1.12.v20130726\jetty-websocket-8.1.12.v20130726.jar;C:\Users\AbhishekK\.m2\repository\org\eclipse\jetty\jetty-util\8.1.12.v20130726\jetty-util-8.1.12.v20130726.jar;C:\Users\AbhishekK\.m2\repository\org\eclipse\jetty\jetty-io\8.1.12.v20130726\jetty-io-8.1.12.v20130726.jar;C:\Users\AbhishekK\.m2\repository\org\eclipse\jetty\jetty-http\8.1.12.v20130726\jetty-http-8.1.12.v20130726.jar;C:\Users\AbhishekK\.m2\repository\org\apache\httpcomponents\httpclient\4.3\httpclient-4.3.jar;C:\Users\AbhishekK\.m2\repository\org\apache\httpcomponents\httpcore\4.3\httpcore-4.3.jar;C:\Users\AbhishekK\.m2\repository\org\seleniumhq\selenium\selenium-firefox-driver\2.37.0\selenium-firefox-driver-2.37.0.jar;C:\Users\AbhishekK\.m2\repository\commons-io\commons-io\2.2\commons-io-2.2.jar;C:\Users\AbhishekK\.m2\repository\org\apache\commons\commons-exec\1.1\commons-exec-1.1.jar;C:\Users\AbhishekK\.m2\repository\org\seleniumhq\selenium\selenium-ie-driver\2.37.0\selenium-ie-driver-2.37.0.jar;C:\Users\AbhishekK\.m2\repository\net\java\dev\jna\jna\3.4.0\jna-3.4.0.jar;C:\Users\AbhishekK\.m2\repository\net\java\dev\jna\platform\3.4.0\platform-3.4.0.jar;C:\Users\AbhishekK\.m2\repository\org\seleniumhq\selenium\selenium-iphone-driver\2.37.0\selenium-iphone-driver-2.37.0.jar;C:\Users\AbhishekK\.m2\repository\org\seleniumhq\selenium\selenium-safari-driver\2.37.0\selenium-safari-driver-2.37.0.jar;C:\Users\AbhishekK\.m2\repository\org\seleniumhq\selenium\selenium-support\2.37.0\selenium-support-2.37.0.jar;C:\Users\AbhishekK\.m2\repository\org\seleniumhq\selenium\selenium-api\2.37.0\selenium-api-2.37.0.jar;C:\Users\AbhishekK\.m2\repository\org\webbitserver\webbit\0.4.14\webbit-0.4.14.jar;C:\Users\AbhishekK\.m2\repository\io\netty\netty\3.5.2.Final\netty-3.5.2.Final.jar;C:\Users\AbhishekK\.m2\repository\org\yaml\snakeyaml\1.8\snakeyaml-1.8.jar;C:\Users\AbhishekK\.m2\repository\commons-codec\commons-codec\1.6\commons-codec-1.6.jar;C:\Users\AbhishekK\.m2\repository\junit\junit\4.11\junit-4.11.jar;C:\Users\AbhishekK\.m2\repository\org\hamcrest\hamcrest-core\1.3\hamcrest-core-1.3.jar;C:\Users\AbhishekK\.m2\repository\org\monte\monte-screen-recorder\0.7.7\monte-screen-recorder-0.7.7.jar;\\Nas1\qaserver\NGConnect\Functional Automation\SeleniumScripts\lib\SauceREST.jar;\\Nas1\qaserver\NGConnect\Functional Automation\SeleniumScripts\lib\TestFramework1.2.jar;C:\Users\AbhishekK\.m2\repository\org\apache\maven\plugins\maven-surefire-plugin\2.16\maven-surefire-plugin-2.16.jar;C:\Users\AbhishekK\.m2\repository\org\apache\maven\maven-plugin-api\2.0.9\maven-plugin-api-2.0.9.jar;C:\Users\AbhishekK\.m2\repository\org\apache\maven\surefire\maven-surefire-common\2.16\maven-surefire-common-2.16.jar;C:\Users\AbhishekK\.m2\repository\org\apache\maven\surefire\surefire-booter\2.16\surefire-booter-2.16.jar;C:\Users\AbhishekK\.m2\repository\org\apache\maven\maven-artifact\2.0.9\maven-artifact-2.0.9.jar;C:\Users\AbhishekK\.m2\repository\org\codehaus\plexus\plexus-utils\1.5.1\plexus-utils-1.5.1.jar;C:\Users\AbhishekK\.m2\repository\org\apache\maven\maven-plugin-descriptor\2.0.9\maven-plugin-descriptor-2.0.9.jar;C:\Users\AbhishekK\.m2\repository\org\codehaus\plexus\plexus-container-default\1.0-alpha-9-stable-1\plexus-container-default-1.0-alpha-9-stable-1.jar;C:\Users\AbhishekK\.m2\repository\org\apache\maven\maven-project\2.0.9\maven-project-2.0.9.jar;C:\Users\AbhishekK\.m2\repository\org\apache\maven\maven-settings\2.0.9\maven-settings-2.0.9.jar;C:\Users\AbhishekK\.m2\repository\org\apache\maven\maven-profile\2.0.9\maven-profile-2.0.9.jar;C:\Users\AbhishekK\.m2\repository\org\apache\maven\maven-artifact-manager\2.0.9\maven-artifact-manager-2.0.9.jar;C:\Users\AbhishekK\.m2\repository\org\apache\maven\maven-plugin-registry\2.0.9\maven-plugin-registry-2.0.9.jar;C:\Users\AbhishekK\.m2\repository\org\apache\maven\maven-model\2.0.9\maven-model-2.0.9.jar;C:\Users\AbhishekK\.m2\repository\org\apache\maven\maven-core\2.0.9\maven-core-2.0.9.jar;C:\Users\AbhishekK\.m2\repository\org\apache\maven\maven-plugin-parameter-documenter\2.0.9\maven-plugin-parameter-documenter-2.0.9.jar;C:\Users\AbhishekK\.m2\repository\org\apache\maven\reporting\maven-reporting-api\2.0.9\maven-reporting-api-2.0.9.jar;C:\Users\AbhishekK\.m2\repository\org\apache\maven\wagon\wagon-provider-api\1.0-beta-2\wagon-provider-api-1.0-beta-2.jar;C:\Users\AbhishekK\.m2\repository\org\apache\maven\maven-repository-metadata\2.0.9\maven-repository-metadata-2.0.9.jar;C:\Users\AbhishekK\.m2\repository\org\apache\maven\maven-error-diagnostics\2.0.9\maven-error-diagnostics-2.0.9.jar;C:\Users\AbhishekK\.m2\repository\org\apache\maven\maven-monitor\2.0.9\maven-monitor-2.0.9.jar;C:\Users\AbhishekK\.m2\repository\classworlds\classworlds\1.1\classworlds-1.1.jar;C:\Users\AbhishekK\.m2\repository\org\apache\commons\commons-lang3\3.1\commons-lang3-3.1.jar;C:\Users\AbhishekK\.m2\repository\org\apache\maven\surefire\surefire-api\2.16\surefire-api-2.16.jar;C:\Users\AbhishekK\.m2\repository\org\apache\maven\maven-toolchain\2.0.9\maven-toolchain-2.0.9.jar;C:\Users\AbhishekK\.m2\repository\org\apache\maven\plugin-tools\maven-plugin-annotations\3.2\maven-plugin-annotations-3.2.jar;"/>
    <property name="sun.awt.enableExtraMouseButtons" value="true"/>
    <property name="java.specification.name" value="Java Platform API Specification"/>
    <property name="java.class.version" value="51.0"/>
    <property name="sun.management.compiler" value="HotSpot Client Compiler"/>
    <property name="os.version" value="6.1"/>
    <property name="user.home" value="C:\Users\AbhishekK"/>
    <property name="user.timezone" value="Asia/Calcutta"/>
    <property name="java.awt.printerjob" value="sun.awt.windows.WPrinterJob"/>
    <property name="java.specification.version" value="1.7"/>
    <property name="file.encoding" value="Cp1252"/>
    <property name="user.name" value="AbhishekK"/>
    <property name="java.class.path" value="D:\workspace_d\myNGC\target\test-classes;D:\workspace_d\myNGC\target\classes;C:\Users\AbhishekK\.m2\repository\org\seleniumhq\selenium\selenium-server\2.37.0\selenium-server-2.37.0.jar;C:\Users\AbhishekK\.m2\repository\org\bouncycastle\bcprov-jdk15on\1.48\bcprov-jdk15on-1.48.jar;C:\Users\AbhishekK\.m2\repository\org\bouncycastle\bcpkix-jdk15on\1.48\bcpkix-jdk15on-1.48.jar;C:\Users\AbhishekK\.m2\repository\mx4j\mx4j-tools\3.0.1\mx4j-tools-3.0.1.jar;C:\Users\AbhishekK\.m2\repository\org\mortbay\jetty\servlet-api-2.5\6.1.9\servlet-api-2.5-6.1.9.jar;C:\Users\AbhishekK\.m2\repository\org\seleniumhq\selenium\jetty-repacked\7.6.1\jetty-repacked-7.6.1.jar;C:\Users\AbhishekK\.m2\repository\net\jcip\jcip-annotations\1.0\jcip-annotations-1.0.jar;C:\Users\AbhishekK\.m2\repository\org\seleniumhq\selenium\selenium-java\2.37.0\selenium-java-2.37.0.jar;C:\Users\AbhishekK\.m2\repository\org\seleniumhq\selenium\selenium-android-driver\2.37.0\selenium-android-driver-2.37.0.jar;C:\Users\AbhishekK\.m2\repository\org\seleniumhq\selenium\selenium-remote-driver\2.37.0\selenium-remote-driver-2.37.0.jar;C:\Users\AbhishekK\.m2\repository\cglib\cglib-nodep\2.1_3\cglib-nodep-2.1_3.jar;C:\Users\AbhishekK\.m2\repository\org\json\json\20080701\json-20080701.jar;C:\Users\AbhishekK\.m2\repository\com\google\guava\guava\15.0\guava-15.0.jar;C:\Users\AbhishekK\.m2\repository\org\seleniumhq\selenium\selenium-chrome-driver\2.37.0\selenium-chrome-driver-2.37.0.jar;C:\Users\AbhishekK\.m2\repository\org\seleniumhq\selenium\selenium-htmlunit-driver\2.37.0\selenium-htmlunit-driver-2.37.0.jar;C:\Users\AbhishekK\.m2\repository\net\sourceforge\htmlunit\htmlunit\2.13\htmlunit-2.13.jar;C:\Users\AbhishekK\.m2\repository\xalan\xalan\2.7.1\xalan-2.7.1.jar;C:\Users\AbhishekK\.m2\repository\xalan\serializer\2.7.1\serializer-2.7.1.jar;C:\Users\AbhishekK\.m2\repository\commons-collections\commons-collections\3.2.1\commons-collections-3.2.1.jar;C:\Users\AbhishekK\.m2\repository\org\apache\httpcomponents\httpmime\4.3.1\httpmime-4.3.1.jar;C:\Users\AbhishekK\.m2\repository\net\sourceforge\htmlunit\htmlunit-core-js\2.13\htmlunit-core-js-2.13.jar;C:\Users\AbhishekK\.m2\repository\xerces\xercesImpl\2.11.0\xercesImpl-2.11.0.jar;C:\Users\AbhishekK\.m2\repository\xml-apis\xml-apis\1.4.01\xml-apis-1.4.01.jar;C:\Users\AbhishekK\.m2\repository\net\sourceforge\nekohtml\nekohtml\1.9.19\nekohtml-1.9.19.jar;C:\Users\AbhishekK\.m2\repository\net\sourceforge\cssparser\cssparser\0.9.11\cssparser-0.9.11.jar;C:\Users\AbhishekK\.m2\repository\org\w3c\css\sac\1.3\sac-1.3.jar;C:\Users\AbhishekK\.m2\repository\commons-logging\commons-logging\1.1.3\commons-logging-1.1.3.jar;C:\Users\AbhishekK\.m2\repository\org\eclipse\jetty\jetty-websocket\8.1.12.v20130726\jetty-websocket-8.1.12.v20130726.jar;C:\Users\AbhishekK\.m2\repository\org\eclipse\jetty\jetty-util\8.1.12.v20130726\jetty-util-8.1.12.v20130726.jar;C:\Users\AbhishekK\.m2\repository\org\eclipse\jetty\jetty-io\8.1.12.v20130726\jetty-io-8.1.12.v20130726.jar;C:\Users\AbhishekK\.m2\repository\org\eclipse\jetty\jetty-http\8.1.12.v20130726\jetty-http-8.1.12.v20130726.jar;C:\Users\AbhishekK\.m2\repository\org\apache\httpcomponents\httpclient\4.3\httpclient-4.3.jar;C:\Users\AbhishekK\.m2\repository\org\apache\httpcomponents\httpcore\4.3\httpcore-4.3.jar;C:\Users\AbhishekK\.m2\repository\org\seleniumhq\selenium\selenium-firefox-driver\2.37.0\selenium-firefox-driver-2.37.0.jar;C:\Users\AbhishekK\.m2\repository\commons-io\commons-io\2.2\commons-io-2.2.jar;C:\Users\AbhishekK\.m2\repository\org\apache\commons\commons-exec\1.1\commons-exec-1.1.jar;C:\Users\AbhishekK\.m2\repository\org\seleniumhq\selenium\selenium-ie-driver\2.37.0\selenium-ie-driver-2.37.0.jar;C:\Users\AbhishekK\.m2\repository\net\java\dev\jna\jna\3.4.0\jna-3.4.0.jar;C:\Users\AbhishekK\.m2\repository\net\java\dev\jna\platform\3.4.0\platform-3.4.0.jar;C:\Users\AbhishekK\.m2\repository\org\seleniumhq\selenium\selenium-iphone-driver\2.37.0\selenium-iphone-driver-2.37.0.jar;C:\Users\AbhishekK\.m2\repository\org\seleniumhq\selenium\selenium-safari-driver\2.37.0\selenium-safari-driver-2.37.0.jar;C:\Users\AbhishekK\.m2\repository\org\seleniumhq\selenium\selenium-support\2.37.0\selenium-support-2.37.0.jar;C:\Users\AbhishekK\.m2\repository\org\seleniumhq\selenium\selenium-api\2.37.0\selenium-api-2.37.0.jar;C:\Users\AbhishekK\.m2\repository\org\webbitserver\webbit\0.4.14\webbit-0.4.14.jar;C:\Users\AbhishekK\.m2\repository\io\netty\netty\3.5.2.Final\netty-3.5.2.Final.jar;C:\Users\AbhishekK\.m2\repository\org\yaml\snakeyaml\1.8\snakeyaml-1.8.jar;C:\Users\AbhishekK\.m2\repository\commons-codec\commons-codec\1.6\commons-codec-1.6.jar;C:\Users\AbhishekK\.m2\repository\junit\junit\4.11\junit-4.11.jar;C:\Users\AbhishekK\.m2\repository\org\hamcrest\hamcrest-core\1.3\hamcrest-core-1.3.jar;C:\Users\AbhishekK\.m2\repository\org\monte\monte-screen-recorder\0.7.7\monte-screen-recorder-0.7.7.jar;\\Nas1\qaserver\NGConnect\Functional Automation\SeleniumScripts\lib\SauceREST.jar;\\Nas1\qaserver\NGConnect\Functional Automation\SeleniumScripts\lib\TestFramework1.2.jar;C:\Users\AbhishekK\.m2\repository\org\apache\maven\plugins\maven-surefire-plugin\2.16\maven-surefire-plugin-2.16.jar;C:\Users\AbhishekK\.m2\repository\org\apache\maven\maven-plugin-api\2.0.9\maven-plugin-api-2.0.9.jar;C:\Users\AbhishekK\.m2\repository\org\apache\maven\surefire\maven-surefire-common\2.16\maven-surefire-common-2.16.jar;C:\Users\AbhishekK\.m2\repository\org\apache\maven\surefire\surefire-booter\2.16\surefire-booter-2.16.jar;C:\Users\AbhishekK\.m2\repository\org\apache\maven\maven-artifact\2.0.9\maven-artifact-2.0.9.jar;C:\Users\AbhishekK\.m2\repository\org\codehaus\plexus\plexus-utils\1.5.1\plexus-utils-1.5.1.jar;C:\Users\AbhishekK\.m2\repository\org\apache\maven\maven-plugin-descriptor\2.0.9\maven-plugin-descriptor-2.0.9.jar;C:\Users\AbhishekK\.m2\repository\org\codehaus\plexus\plexus-container-default\1.0-alpha-9-stable-1\plexus-container-default-1.0-alpha-9-stable-1.jar;C:\Users\AbhishekK\.m2\repository\org\apache\maven\maven-project\2.0.9\maven-project-2.0.9.jar;C:\Users\AbhishekK\.m2\repository\org\apache\maven\maven-settings\2.0.9\maven-settings-2.0.9.jar;C:\Users\AbhishekK\.m2\repository\org\apache\maven\maven-profile\2.0.9\maven-profile-2.0.9.jar;C:\Users\AbhishekK\.m2\repository\org\apache\maven\maven-artifact-manager\2.0.9\maven-artifact-manager-2.0.9.jar;C:\Users\AbhishekK\.m2\repository\org\apache\maven\maven-plugin-registry\2.0.9\maven-plugin-registry-2.0.9.jar;C:\Users\AbhishekK\.m2\repository\org\apache\maven\maven-model\2.0.9\maven-model-2.0.9.jar;C:\Users\AbhishekK\.m2\repository\org\apache\maven\maven-core\2.0.9\maven-core-2.0.9.jar;C:\Users\AbhishekK\.m2\repository\org\apache\maven\maven-plugin-parameter-documenter\2.0.9\maven-plugin-parameter-documenter-2.0.9.jar;C:\Users\AbhishekK\.m2\repository\org\apache\maven\reporting\maven-reporting-api\2.0.9\maven-reporting-api-2.0.9.jar;C:\Users\AbhishekK\.m2\repository\org\apache\maven\wagon\wagon-provider-api\1.0-beta-2\wagon-provider-api-1.0-beta-2.jar;C:\Users\AbhishekK\.m2\repository\org\apache\maven\maven-repository-metadata\2.0.9\maven-repository-metadata-2.0.9.jar;C:\Users\AbhishekK\.m2\repository\org\apache\maven\maven-error-diagnostics\2.0.9\maven-error-diagnostics-2.0.9.jar;C:\Users\AbhishekK\.m2\repository\org\apache\maven\maven-monitor\2.0.9\maven-monitor-2.0.9.jar;C:\Users\AbhishekK\.m2\repository\classworlds\classworlds\1.1\classworlds-1.1.jar;C:\Users\AbhishekK\.m2\repository\org\apache\commons\commons-lang3\3.1\commons-lang3-3.1.jar;C:\Users\AbhishekK\.m2\repository\org\apache\maven\surefire\surefire-api\2.16\surefire-api-2.16.jar;C:\Users\AbhishekK\.m2\repository\org\apache\maven\maven-toolchain\2.0.9\maven-toolchain-2.0.9.jar;C:\Users\AbhishekK\.m2\repository\org\apache\maven\plugin-tools\maven-plugin-annotations\3.2\maven-plugin-annotations-3.2.jar;"/>
    <property name="java.vm.specification.version" value="1.7"/>
    <property name="sun.arch.data.model" value="32"/>
    <property name="java.home" value="C:\Program Files\Java\jdk1.7.0_05\jre"/>
    <property name="sun.java.command" value="C:\Users\ABHISH~1\AppData\Local\Temp\surefirebooter7133164556177875448.jar C:\Users\ABHISH~1\AppData\Local\Temp\surefire7029031075989356847tmp C:\Users\ABHISH~1\AppData\Local\Temp\surefire8542517426414827069tmp"/>
    <property name="java.specification.vendor" value="Oracle Corporation"/>
    <property name="user.language" value="en"/>
    <property name="awt.toolkit" value="sun.awt.windows.WToolkit"/>
    <property name="java.vm.info" value="mixed mode, sharing"/>
    <property name="java.version" value="1.7.0_05"/>
    <property name="java.ext.dirs" value="C:\Program Files\Java\jdk1.7.0_05\jre\lib\ext;C:\Windows\Sun\Java\lib\ext"/>
    <property name="sun.boot.class.path" value="C:\Program Files\Java\jdk1.7.0_05\jre\lib\resources.jar;C:\Program Files\Java\jdk1.7.0_05\jre\lib\rt.jar;C:\Program Files\Java\jdk1.7.0_05\jre\lib\sunrsasign.jar;C:\Program Files\Java\jdk1.7.0_05\jre\lib\jsse.jar;C:\Program Files\Java\jdk1.7.0_05\jre\lib\jce.jar;C:\Program Files\Java\jdk1.7.0_05\jre\lib\charsets.jar;C:\Program Files\Java\jdk1.7.0_05\jre\lib\jfr.jar;C:\Program Files\Java\jdk1.7.0_05\jre\classes"/>
    <property name="java.vendor" value="Oracle Corporation"/>
    <property name="localRepository" value="C:\Users\AbhishekK\.m2\repository"/>
    <property name="file.separator" value="\"/>
    <property name="java.vendor.url.bug" value="http://bugreport.sun.com/bugreport/"/>
    <property name="sun.cpu.endian" value="little"/>
    <property name="sun.io.unicode.encoding" value="UnicodeLittle"/>
    <property name="sun.desktop" value="windows"/>
    <property name="sun.cpu.isalist" value="pentium_pro+mmx pentium_pro pentium+mmx pentium i486 i386 i86"/>
  </properties>
  <testcase time="68.247" classname="WCG.ResourceDirectory.Test_SRD_WCG_TX_US3" name="TC_SRD_US3_1_1[0]">
    <error message="Error communicating with the remote browser. It may have died.
Build info: version: &apos;2.37.0&apos;, revision: &apos;a7c61cbd68657e133ae96672cf995890bad2ee42&apos;, time: &apos;2013-10-18 09:51:02&apos;
System info: host: &apos;AbhishekK&apos;, ip: &apos;192.168.1.200&apos;, os.name: &apos;Windows 7&apos;, os.arch: &apos;x86&apos;, os.version: &apos;6.1&apos;, java.version: &apos;1.7.0_05&apos;
Driver info: driver.version: RemoteWebDriver" type="org.openqa.selenium.remote.UnreachableBrowserException">org.openqa.selenium.remote.UnreachableBrowserException: Error communicating with the remote browser. It may have died.
Build info: version: &apos;2.37.0&apos;, revision: &apos;a7c61cbd68657e133ae96672cf995890bad2ee42&apos;, time: &apos;2013-10-18 09:51:02&apos;
System info: host: &apos;AbhishekK&apos;, ip: &apos;192.168.1.200&apos;, os.name: &apos;Windows 7&apos;, os.arch: &apos;x86&apos;, os.version: &apos;6.1&apos;, java.version: &apos;1.7.0_05&apos;
Driver info: driver.version: RemoteWebDriver
	at org.openqa.selenium.remote.RemoteWebDriver.execute(RemoteWebDriver.java:548)
	at org.openqa.selenium.remote.RemoteExecuteMethod.execute(RemoteExecuteMethod.java:34)
	at org.openqa.selenium.remote.RemoteKeyboard.sendKeys(RemoteKeyboard.java:35)
	at org.openqa.selenium.interactions.SendKeysAction.perform(SendKeysAction.java:42)
	at org.openqa.selenium.interactions.CompositeAction.perform(CompositeAction.java:31)
	at org.openqa.selenium.interactions.Actions.perform(Actions.java:364)
	at WCG.launchcomponent.Home.wcg_login(Home.java:51)
	at WCG.ResourceDirectory.Test_SRD_WCG_TX_US3.TC_SRD_US3_1_1(Test_SRD_WCG_TX_US3.java:302)
	at sun.reflect.NativeMethodAccessorImpl.invoke0(Native Method)
	at sun.reflect.NativeMethodAccessorImpl.invoke(NativeMethodAccessorImpl.java:57)
	at sun.reflect.DelegatingMethodAccessorImpl.invoke(DelegatingMethodAccessorImpl.java:43)
	at java.lang.reflect.Method.invoke(Method.java:601)
	at org.junit.runners.model.FrameworkMethod$1.runReflectiveCall(FrameworkMethod.java:47)
	at org.junit.internal.runners.model.ReflectiveCallable.run(ReflectiveCallable.java:12)
	at org.junit.runners.model.FrameworkMethod.invokeExplosively(FrameworkMethod.java:44)
	at org.junit.internal.runners.statements.InvokeMethod.evaluate(InvokeMethod.java:17)
	at org.junit.internal.runners.statements.RunBefores.evaluate(RunBefores.java:26)
	at org.junit.internal.runners.statements.RunAfters.evaluate(RunAfters.java:27)
	at org.junit.runners.ParentRunner.runLeaf(ParentRunner.java:271)
	at org.junit.runners.BlockJUnit4ClassRunner.runChild(BlockJUnit4ClassRunner.java:70)
	at org.junit.runners.BlockJUnit4ClassRunner.runChild(BlockJUnit4ClassRunner.java:50)
	at org.junit.runners.ParentRunner$3.run(ParentRunner.java:238)
	at org.junit.runners.ParentRunner$1.schedule(ParentRunner.java:63)
	at org.junit.runners.ParentRunner.runChildren(ParentRunner.java:236)
	at org.junit.runners.ParentRunner.access$000(ParentRunner.java:53)
	at org.junit.runners.ParentRunner$2.evaluate(ParentRunner.java:229)
	at org.junit.runners.ParentRunner.run(ParentRunner.java:309)
	at org.junit.runners.Suite.runChild(Suite.java:127)
	at org.junit.runners.Suite.runChild(Suite.java:26)
	at org.junit.runners.ParentRunner$3.run(ParentRunner.java:238)
	at org.junit.runners.ParentRunner$1.schedule(ParentRunner.java:63)
	at org.junit.runners.ParentRunner.runChildren(ParentRunner.java:236)
	at org.junit.runners.ParentRunner.access$000(ParentRunner.java:53)
	at org.junit.runners.ParentRunner$2.evaluate(ParentRunner.java:229)
	at org.junit.runners.ParentRunner.run(ParentRunner.java:309)
	at org.apache.maven.surefire.junit4.JUnit4TestSet.execute(JUnit4TestSet.java:59)
	at org.apache.maven.surefire.suite.AbstractDirectoryTestSuite.executeTestSet(AbstractDirectoryTestSuite.java:115)
	at org.apache.maven.surefire.suite.AbstractDirectoryTestSuite.execute(AbstractDirectoryTestSuite.java:102)
	at org.apache.maven.surefire.Surefire.run(Surefire.java:180)
	at sun.reflect.NativeMethodAccessorImpl.invoke0(Native Method)
	at sun.reflect.NativeMethodAccessorImpl.invoke(NativeMethodAccessorImpl.java:57)
	at sun.reflect.DelegatingMethodAccessorImpl.invoke(DelegatingMethodAccessorImpl.java:43)
	at java.lang.reflect.Method.invoke(Method.java:601)
	at org.apache.maven.surefire.booter.SurefireBooter.runSuitesInProcess(SurefireBooter.java:350)
	at org.apache.maven.surefire.booter.SurefireBooter.main(SurefireBooter.java:1021)
Caused by: java.net.ConnectException: Connection refused: connect
	at java.net.DualStackPlainSocketImpl.waitForConnect(Native Method)
	at java.net.DualStackPlainSocketImpl.socketConnect(DualStackPlainSocketImpl.java:75)
	at java.net.AbstractPlainSocketImpl.doConnect(AbstractPlainSocketImpl.java:339)
	at java.net.AbstractPlainSocketImpl.connectToAddress(AbstractPlainSocketImpl.java:200)
	at java.net.AbstractPlainSocketImpl.connect(AbstractPlainSocketImpl.java:182)
	at java.net.PlainSocketImpl.connect(PlainSocketImpl.java:157)
	at java.net.SocksSocketImpl.connect(SocksSocketImpl.java:391)
	at java.net.Socket.connect(Socket.java:579)
	at org.apache.http.conn.scheme.PlainSocketFactory.connectSocket(PlainSocketFactory.java:117)
	at org.apache.http.impl.conn.DefaultClientConnectionOperator.openConnection(DefaultClientConnectionOperator.java:178)
	at org.apache.http.impl.conn.AbstractPoolEntry.open(AbstractPoolEntry.java:144)
	at org.apache.http.impl.conn.AbstractPooledConnAdapter.open(AbstractPooledConnAdapter.java:131)
	at org.apache.http.impl.client.DefaultRequestDirector.tryConnect(DefaultRequestDirector.java:610)
	at org.apache.http.impl.client.DefaultRequestDirector.execute(DefaultRequestDirector.java:445)
	at org.apache.http.impl.client.AbstractHttpClient.doExecute(AbstractHttpClient.java:863)
	at org.apache.http.impl.client.CloseableHttpClient.execute(CloseableHttpClient.java:72)
	at org.apache.http.impl.client.CloseableHttpClient.execute(CloseableHttpClient.java:57)
	at org.openqa.selenium.remote.HttpCommandExecutor.fallBackExecute(HttpCommandExecutor.java:319)
	at org.openqa.selenium.remote.HttpCommandExecutor.execute(HttpCommandExecutor.java:298)
	at org.openqa.selenium.firefox.internal.NewProfileExtensionConnection.execute(NewProfileExtensionConnection.java:145)
	at org.openqa.selenium.firefox.FirefoxDriver$LazyCommandExecutor.execute(FirefoxDriver.java:366)
	at org.openqa.selenium.remote.RemoteWebDriver.execute(RemoteWebDriver.java:527)
	... 44 more
</error>
    <system-out>scr 
Simple Class name1: Test_SRD_WCG_TX_US3
current method: TC_SRD_US3_1_1
current method: TC_SRD_US3_1_1
</system-out>
    <system-err>Jan 02, 2014 6:49:21 PM org.openqa.selenium.remote.RemoteWebDriver log
INFO: Executing: get [4fdb146e-ecf5-49c6-882d-a4b8910fdf9e, get {url=http://qa2.myngconnect.com//login/chooseMainUI.spr}]
Jan 02, 2014 6:49:28 PM org.openqa.selenium.remote.RemoteWebDriver log
INFO: Executed: [4fdb146e-ecf5-49c6-882d-a4b8910fdf9e, get {url=http://qa2.myngconnect.com//login/chooseMainUI.spr}]
Jan 02, 2014 6:49:28 PM org.openqa.selenium.remote.RemoteWebDriver log
INFO: Executing: findElement [4fdb146e-ecf5-49c6-882d-a4b8910fdf9e, findElement {using=id, value=imgStudents}]
Jan 02, 2014 6:49:28 PM org.openqa.selenium.remote.RemoteWebDriver log
INFO: Executed: [4fdb146e-ecf5-49c6-882d-a4b8910fdf9e, findElement {using=id, value=imgStudents}]
Jan 02, 2014 6:49:28 PM org.openqa.selenium.remote.RemoteWebDriver log
INFO: Executing: clickElement [4fdb146e-ecf5-49c6-882d-a4b8910fdf9e, clickElement {id={dd1caf89-9492-492a-9cca-2da5814a28fc}}]
Jan 02, 2014 6:49:31 PM org.openqa.selenium.remote.RemoteWebDriver log
INFO: Executed: [4fdb146e-ecf5-49c6-882d-a4b8910fdf9e, clickElement {id={dd1caf89-9492-492a-9cca-2da5814a28fc}}]
Jan 02, 2014 6:49:31 PM org.openqa.selenium.remote.RemoteWebDriver log
INFO: Executing: findElement [4fdb146e-ecf5-49c6-882d-a4b8910fdf9e, findElement {using=id, value=j_username}]
Jan 02, 2014 6:49:31 PM org.openqa.selenium.remote.RemoteWebDriver log
INFO: Executed: [4fdb146e-ecf5-49c6-882d-a4b8910fdf9e, findElement {using=id, value=j_username}]
Jan 02, 2014 6:49:31 PM org.openqa.selenium.remote.RemoteWebDriver log
INFO: Executing: clearElement [4fdb146e-ecf5-49c6-882d-a4b8910fdf9e, clearElement {id={f9323afc-b9da-4fd3-90a8-3fff48e4af11}}]
Jan 02, 2014 6:49:31 PM org.openqa.selenium.remote.RemoteWebDriver log
INFO: Executed: [4fdb146e-ecf5-49c6-882d-a4b8910fdf9e, clearElement {id={f9323afc-b9da-4fd3-90a8-3fff48e4af11}}]
Jan 02, 2014 6:49:31 PM org.openqa.selenium.remote.RemoteWebDriver log
INFO: Executing: findElement [4fdb146e-ecf5-49c6-882d-a4b8910fdf9e, findElement {using=id, value=j_username}]
Jan 02, 2014 6:49:31 PM org.openqa.selenium.remote.RemoteWebDriver log
INFO: Executed: [4fdb146e-ecf5-49c6-882d-a4b8910fdf9e, findElement {using=id, value=j_username}]
Jan 02, 2014 6:49:31 PM org.openqa.selenium.remote.RemoteWebDriver log
INFO: Executing: sendKeysToElement [4fdb146e-ecf5-49c6-882d-a4b8910fdf9e, sendKeysToElement {id={f9323afc-b9da-4fd3-90a8-3fff48e4af11}, value=[Ljava.lang.CharSequence;@30aaf3}]
Jan 02, 2014 6:49:31 PM org.openqa.selenium.remote.RemoteWebDriver log
INFO: Executed: [4fdb146e-ecf5-49c6-882d-a4b8910fdf9e, sendKeysToElement {id={f9323afc-b9da-4fd3-90a8-3fff48e4af11}, value=[Ljava.lang.CharSequence;@30aaf3}]
Jan 02, 2014 6:49:31 PM org.openqa.selenium.remote.RemoteWebDriver log
INFO: Executing: findElement [4fdb146e-ecf5-49c6-882d-a4b8910fdf9e, findElement {using=id, value=passwordField}]
Jan 02, 2014 6:49:31 PM org.openqa.selenium.remote.RemoteWebDriver log
INFO: Executed: [4fdb146e-ecf5-49c6-882d-a4b8910fdf9e, findElement {using=id, value=passwordField}]
Jan 02, 2014 6:49:31 PM org.openqa.selenium.remote.RemoteWebDriver log
INFO: Executing: clearElement [4fdb146e-ecf5-49c6-882d-a4b8910fdf9e, clearElement {id={67b32ac1-2f88-47e3-a774-486ec7a691dc}}]
Jan 02, 2014 6:49:31 PM org.openqa.selenium.remote.RemoteWebDriver log
INFO: Executed: [4fdb146e-ecf5-49c6-882d-a4b8910fdf9e, clearElement {id={67b32ac1-2f88-47e3-a774-486ec7a691dc}}]
Jan 02, 2014 6:49:31 PM org.openqa.selenium.remote.RemoteWebDriver log
INFO: Executing: findElement [4fdb146e-ecf5-49c6-882d-a4b8910fdf9e, findElement {using=id, value=passwordField}]
Jan 02, 2014 6:49:31 PM org.openqa.selenium.remote.RemoteWebDriver log
INFO: Executed: [4fdb146e-ecf5-49c6-882d-a4b8910fdf9e, findElement {using=id, value=passwordField}]
Jan 02, 2014 6:49:31 PM org.openqa.selenium.remote.RemoteWebDriver log
INFO: Executing: sendKeysToElement [4fdb146e-ecf5-49c6-882d-a4b8910fdf9e, sendKeysToElement {id={67b32ac1-2f88-47e3-a774-486ec7a691dc}, value=[Ljava.lang.CharSequence;@ee1c42}]
Jan 02, 2014 6:49:31 PM org.openqa.selenium.remote.RemoteWebDriver log
INFO: Executed: [4fdb146e-ecf5-49c6-882d-a4b8910fdf9e, sendKeysToElement {id={67b32ac1-2f88-47e3-a774-486ec7a691dc}, value=[Ljava.lang.CharSequence;@ee1c42}]
Jan 02, 2014 6:49:31 PM org.openqa.selenium.remote.RemoteWebDriver log
INFO: Executing: findElement [4fdb146e-ecf5-49c6-882d-a4b8910fdf9e, findElement {using=id, value=imgLogin}]
Jan 02, 2014 6:49:31 PM org.openqa.selenium.remote.RemoteWebDriver log
INFO: Executed: [4fdb146e-ecf5-49c6-882d-a4b8910fdf9e, findElement {using=id, value=imgLogin}]
Jan 02, 2014 6:49:31 PM org.openqa.selenium.remote.RemoteWebDriver log
INFO: Executing: clickElement [4fdb146e-ecf5-49c6-882d-a4b8910fdf9e, clickElement {id={5bd55136-a0c3-4c98-b400-0c464a936f9b}}]
Jan 02, 2014 6:49:33 PM org.openqa.selenium.remote.RemoteWebDriver log
INFO: Executed: [4fdb146e-ecf5-49c6-882d-a4b8910fdf9e, clickElement {id={5bd55136-a0c3-4c98-b400-0c464a936f9b}}]
Jan 02, 2014 6:50:07 PM org.openqa.selenium.remote.RemoteWebDriver log
INFO: Executing: sendKeysToActiveElement [4fdb146e-ecf5-49c6-882d-a4b8910fdf9e, sendKeysToActiveElement {value=[Ljava.lang.CharSequence;@1aefd28}]
Jan 02, 2014 6:50:08 PM org.openqa.selenium.remote.RemoteWebDriver log
INFO: Exception: [4fdb146e-ecf5-49c6-882d-a4b8910fdf9e, sendKeysToActiveElement {value=[Ljava.lang.CharSequence;@1aefd28}]
Jan 02, 2014 6:50:08 PM org.openqa.selenium.remote.RemoteWebDriver log
INFO: Executing: quit [4fdb146e-ecf5-49c6-882d-a4b8910fdf9e, quit {}]
Jan 02, 2014 6:50:09 PM org.openqa.selenium.remote.RemoteWebDriver log
INFO: Exception: [4fdb146e-ecf5-49c6-882d-a4b8910fdf9e, quit {}]
</system-err>
  </testcase>
  <testcase time="68.252" classname="WCG.ResourceDirectory.Test_SRD_WCG_TX_US3" name="TC_SRD_US3_1_1[0]">
    <error message="Error communicating with the remote browser. It may have died.
Build info: version: &apos;2.37.0&apos;, revision: &apos;a7c61cbd68657e133ae96672cf995890bad2ee42&apos;, time: &apos;2013-10-18 09:51:02&apos;
System info: host: &apos;AbhishekK&apos;, ip: &apos;192.168.1.200&apos;, os.name: &apos;Windows 7&apos;, os.arch: &apos;x86&apos;, os.version: &apos;6.1&apos;, java.version: &apos;1.7.0_05&apos;
Driver info: driver.version: RemoteWebDriver" type="org.openqa.selenium.remote.UnreachableBrowserException">org.openqa.selenium.remote.UnreachableBrowserException: Error communicating with the remote browser. It may have died.
Build info: version: &apos;2.37.0&apos;, revision: &apos;a7c61cbd68657e133ae96672cf995890bad2ee42&apos;, time: &apos;2013-10-18 09:51:02&apos;
System info: host: &apos;AbhishekK&apos;, ip: &apos;192.168.1.200&apos;, os.name: &apos;Windows 7&apos;, os.arch: &apos;x86&apos;, os.version: &apos;6.1&apos;, java.version: &apos;1.7.0_05&apos;
Driver info: driver.version: RemoteWebDriver
	at org.openqa.selenium.remote.RemoteWebDriver.execute(RemoteWebDriver.java:548)
	at org.openqa.selenium.remote.RemoteWebDriver.execute(RemoteWebDriver.java:569)
	at org.openqa.selenium.remote.RemoteWebDriver.quit(RemoteWebDriver.java:423)
	at com.compro.automation.core.TestRun.stop(TestRun.java:37)
	at WCG.ResourceDirectory.Test_SRD_WCG_TX_US3.tearDown(Test_SRD_WCG_TX_US3.java:275)
	at sun.reflect.NativeMethodAccessorImpl.invoke0(Native Method)
	at sun.reflect.NativeMethodAccessorImpl.invoke(NativeMethodAccessorImpl.java:57)
	at sun.reflect.DelegatingMethodAccessorImpl.invoke(DelegatingMethodAccessorImpl.java:43)
	at java.lang.reflect.Method.invoke(Method.java:601)
	at org.junit.runners.model.FrameworkMethod$1.runReflectiveCall(FrameworkMethod.java:47)
	at org.junit.internal.runners.model.ReflectiveCallable.run(ReflectiveCallable.java:12)
	at org.junit.runners.model.FrameworkMethod.invokeExplosively(FrameworkMethod.java:44)
	at org.junit.internal.runners.statements.RunAfters.evaluate(RunAfters.java:33)
	at org.junit.runners.ParentRunner.runLeaf(ParentRunner.java:271)
	at org.junit.runners.BlockJUnit4ClassRunner.runChild(BlockJUnit4ClassRunner.java:70)
	at org.junit.runners.BlockJUnit4ClassRunner.runChild(BlockJUnit4ClassRunner.java:50)
	at org.junit.runners.ParentRunner$3.run(ParentRunner.java:238)
	at org.junit.runners.ParentRunner$1.schedule(ParentRunner.java:63)
	at org.junit.runners.ParentRunner.runChildren(ParentRunner.java:236)
	at org.junit.runners.ParentRunner.access$000(ParentRunner.java:53)
	at org.junit.runners.ParentRunner$2.evaluate(ParentRunner.java:229)
	at org.junit.runners.ParentRunner.run(ParentRunner.java:309)
	at org.junit.runners.Suite.runChild(Suite.java:127)
	at org.junit.runners.Suite.runChild(Suite.java:26)
	at org.junit.runners.ParentRunner$3.run(ParentRunner.java:238)
	at org.junit.runners.ParentRunner$1.schedule(ParentRunner.java:63)
	at org.junit.runners.ParentRunner.runChildren(ParentRunner.java:236)
	at org.junit.runners.ParentRunner.access$000(ParentRunner.java:53)
	at org.junit.runners.ParentRunner$2.evaluate(ParentRunner.java:229)
	at org.junit.runners.ParentRunner.run(ParentRunner.java:309)
	at org.apache.maven.surefire.junit4.JUnit4TestSet.execute(JUnit4TestSet.java:59)
	at org.apache.maven.surefire.suite.AbstractDirectoryTestSuite.executeTestSet(AbstractDirectoryTestSuite.java:115)
	at org.apache.maven.surefire.suite.AbstractDirectoryTestSuite.execute(AbstractDirectoryTestSuite.java:102)
	at org.apache.maven.surefire.Surefire.run(Surefire.java:180)
	at sun.reflect.NativeMethodAccessorImpl.invoke0(Native Method)
	at sun.reflect.NativeMethodAccessorImpl.invoke(NativeMethodAccessorImpl.java:57)
	at sun.reflect.DelegatingMethodAccessorImpl.invoke(DelegatingMethodAccessorImpl.java:43)
	at java.lang.reflect.Method.invoke(Method.java:601)
	at org.apache.maven.surefire.booter.SurefireBooter.runSuitesInProcess(SurefireBooter.java:350)
	at org.apache.maven.surefire.booter.SurefireBooter.main(SurefireBooter.java:1021)
Caused by: java.net.ConnectException: Connection refused: connect
	at java.net.DualStackPlainSocketImpl.waitForConnect(Native Method)
	at java.net.DualStackPlainSocketImpl.socketConnect(DualStackPlainSocketImpl.java:75)
	at java.net.AbstractPlainSocketImpl.doConnect(AbstractPlainSocketImpl.java:339)
	at java.net.AbstractPlainSocketImpl.connectToAddress(AbstractPlainSocketImpl.java:200)
	at java.net.AbstractPlainSocketImpl.connect(AbstractPlainSocketImpl.java:182)
	at java.net.PlainSocketImpl.connect(PlainSocketImpl.java:157)
	at java.net.SocksSocketImpl.connect(SocksSocketImpl.java:391)
	at java.net.Socket.connect(Socket.java:579)
	at org.apache.http.conn.scheme.PlainSocketFactory.connectSocket(PlainSocketFactory.java:117)
	at org.apache.http.impl.conn.DefaultClientConnectionOperator.openConnection(DefaultClientConnectionOperator.java:178)
	at org.apache.http.impl.conn.AbstractPoolEntry.open(AbstractPoolEntry.java:144)
	at org.apache.http.impl.conn.AbstractPooledConnAdapter.open(AbstractPooledConnAdapter.java:131)
	at org.apache.http.impl.client.DefaultRequestDirector.tryConnect(DefaultRequestDirector.java:610)
	at org.apache.http.impl.client.DefaultRequestDirector.execute(DefaultRequestDirector.java:445)
	at org.apache.http.impl.client.AbstractHttpClient.doExecute(AbstractHttpClient.java:863)
	at org.apache.http.impl.client.CloseableHttpClient.execute(CloseableHttpClient.java:72)
	at org.apache.http.impl.client.CloseableHttpClient.execute(CloseableHttpClient.java:57)
	at org.openqa.selenium.remote.HttpCommandExecutor.fallBackExecute(HttpCommandExecutor.java:319)
	at org.openqa.selenium.remote.HttpCommandExecutor.execute(HttpCommandExecutor.java:298)
	at org.openqa.selenium.firefox.internal.NewProfileExtensionConnection.execute(NewProfileExtensionConnection.java:145)
	at org.openqa.selenium.firefox.FirefoxDriver$LazyCommandExecutor.execute(FirefoxDriver.java:366)
	at org.openqa.selenium.remote.RemoteWebDriver.execute(RemoteWebDriver.java:527)
	... 39 more
</error>
    <system-out>scr 
Simple Class name1: Test_SRD_WCG_TX_US3
current method: TC_SRD_US3_1_1
current method: TC_SRD_US3_1_1
</system-out>
    <system-err>Jan 02, 2014 6:49:21 PM org.openqa.selenium.remote.RemoteWebDriver log
INFO: Executing: get [4fdb146e-ecf5-49c6-882d-a4b8910fdf9e, get {url=http://qa2.myngconnect.com//login/chooseMainUI.spr}]
Jan 02, 2014 6:49:28 PM org.openqa.selenium.remote.RemoteWebDriver log
INFO: Executed: [4fdb146e-ecf5-49c6-882d-a4b8910fdf9e, get {url=http://qa2.myngconnect.com//login/chooseMainUI.spr}]
Jan 02, 2014 6:49:28 PM org.openqa.selenium.remote.RemoteWebDriver log
INFO: Executing: findElement [4fdb146e-ecf5-49c6-882d-a4b8910fdf9e, findElement {using=id, value=imgStudents}]
Jan 02, 2014 6:49:28 PM org.openqa.selenium.remote.RemoteWebDriver log
INFO: Executed: [4fdb146e-ecf5-49c6-882d-a4b8910fdf9e, findElement {using=id, value=imgStudents}]
Jan 02, 2014 6:49:28 PM org.openqa.selenium.remote.RemoteWebDriver log
INFO: Executing: clickElement [4fdb146e-ecf5-49c6-882d-a4b8910fdf9e, clickElement {id={dd1caf89-9492-492a-9cca-2da5814a28fc}}]
Jan 02, 2014 6:49:31 PM org.openqa.selenium.remote.RemoteWebDriver log
INFO: Executed: [4fdb146e-ecf5-49c6-882d-a4b8910fdf9e, clickElement {id={dd1caf89-9492-492a-9cca-2da5814a28fc}}]
Jan 02, 2014 6:49:31 PM org.openqa.selenium.remote.RemoteWebDriver log
INFO: Executing: findElement [4fdb146e-ecf5-49c6-882d-a4b8910fdf9e, findElement {using=id, value=j_username}]
Jan 02, 2014 6:49:31 PM org.openqa.selenium.remote.RemoteWebDriver log
INFO: Executed: [4fdb146e-ecf5-49c6-882d-a4b8910fdf9e, findElement {using=id, value=j_username}]
Jan 02, 2014 6:49:31 PM org.openqa.selenium.remote.RemoteWebDriver log
INFO: Executing: clearElement [4fdb146e-ecf5-49c6-882d-a4b8910fdf9e, clearElement {id={f9323afc-b9da-4fd3-90a8-3fff48e4af11}}]
Jan 02, 2014 6:49:31 PM org.openqa.selenium.remote.RemoteWebDriver log
INFO: Executed: [4fdb146e-ecf5-49c6-882d-a4b8910fdf9e, clearElement {id={f9323afc-b9da-4fd3-90a8-3fff48e4af11}}]
Jan 02, 2014 6:49:31 PM org.openqa.selenium.remote.RemoteWebDriver log
INFO: Executing: findElement [4fdb146e-ecf5-49c6-882d-a4b8910fdf9e, findElement {using=id, value=j_username}]
Jan 02, 2014 6:49:31 PM org.openqa.selenium.remote.RemoteWebDriver log
INFO: Executed: [4fdb146e-ecf5-49c6-882d-a4b8910fdf9e, findElement {using=id, value=j_username}]
Jan 02, 2014 6:49:31 PM org.openqa.selenium.remote.RemoteWebDriver log
INFO: Executing: sendKeysToElement [4fdb146e-ecf5-49c6-882d-a4b8910fdf9e, sendKeysToElement {id={f9323afc-b9da-4fd3-90a8-3fff48e4af11}, value=[Ljava.lang.CharSequence;@30aaf3}]
Jan 02, 2014 6:49:31 PM org.openqa.selenium.remote.RemoteWebDriver log
INFO: Executed: [4fdb146e-ecf5-49c6-882d-a4b8910fdf9e, sendKeysToElement {id={f9323afc-b9da-4fd3-90a8-3fff48e4af11}, value=[Ljava.lang.CharSequence;@30aaf3}]
Jan 02, 2014 6:49:31 PM org.openqa.selenium.remote.RemoteWebDriver log
INFO: Executing: findElement [4fdb146e-ecf5-49c6-882d-a4b8910fdf9e, findElement {using=id, value=passwordField}]
Jan 02, 2014 6:49:31 PM org.openqa.selenium.remote.RemoteWebDriver log
INFO: Executed: [4fdb146e-ecf5-49c6-882d-a4b8910fdf9e, findElement {using=id, value=passwordField}]
Jan 02, 2014 6:49:31 PM org.openqa.selenium.remote.RemoteWebDriver log
INFO: Executing: clearElement [4fdb146e-ecf5-49c6-882d-a4b8910fdf9e, clearElement {id={67b32ac1-2f88-47e3-a774-486ec7a691dc}}]
Jan 02, 2014 6:49:31 PM org.openqa.selenium.remote.RemoteWebDriver log
INFO: Executed: [4fdb146e-ecf5-49c6-882d-a4b8910fdf9e, clearElement {id={67b32ac1-2f88-47e3-a774-486ec7a691dc}}]
Jan 02, 2014 6:49:31 PM org.openqa.selenium.remote.RemoteWebDriver log
INFO: Executing: findElement [4fdb146e-ecf5-49c6-882d-a4b8910fdf9e, findElement {using=id, value=passwordField}]
Jan 02, 2014 6:49:31 PM org.openqa.selenium.remote.RemoteWebDriver log
INFO: Executed: [4fdb146e-ecf5-49c6-882d-a4b8910fdf9e, findElement {using=id, value=passwordField}]
Jan 02, 2014 6:49:31 PM org.openqa.selenium.remote.RemoteWebDriver log
INFO: Executing: sendKeysToElement [4fdb146e-ecf5-49c6-882d-a4b8910fdf9e, sendKeysToElement {id={67b32ac1-2f88-47e3-a774-486ec7a691dc}, value=[Ljava.lang.CharSequence;@ee1c42}]
Jan 02, 2014 6:49:31 PM org.openqa.selenium.remote.RemoteWebDriver log
INFO: Executed: [4fdb146e-ecf5-49c6-882d-a4b8910fdf9e, sendKeysToElement {id={67b32ac1-2f88-47e3-a774-486ec7a691dc}, value=[Ljava.lang.CharSequence;@ee1c42}]
Jan 02, 2014 6:49:31 PM org.openqa.selenium.remote.RemoteWebDriver log
INFO: Executing: findElement [4fdb146e-ecf5-49c6-882d-a4b8910fdf9e, findElement {using=id, value=imgLogin}]
Jan 02, 2014 6:49:31 PM org.openqa.selenium.remote.RemoteWebDriver log
INFO: Executed: [4fdb146e-ecf5-49c6-882d-a4b8910fdf9e, findElement {using=id, value=imgLogin}]
Jan 02, 2014 6:49:31 PM org.openqa.selenium.remote.RemoteWebDriver log
INFO: Executing: clickElement [4fdb146e-ecf5-49c6-882d-a4b8910fdf9e, clickElement {id={5bd55136-a0c3-4c98-b400-0c464a936f9b}}]
Jan 02, 2014 6:49:33 PM org.openqa.selenium.remote.RemoteWebDriver log
INFO: Executed: [4fdb146e-ecf5-49c6-882d-a4b8910fdf9e, clickElement {id={5bd55136-a0c3-4c98-b400-0c464a936f9b}}]
Jan 02, 2014 6:50:07 PM org.openqa.selenium.remote.RemoteWebDriver log
INFO: Executing: sendKeysToActiveElement [4fdb146e-ecf5-49c6-882d-a4b8910fdf9e, sendKeysToActiveElement {value=[Ljava.lang.CharSequence;@1aefd28}]
Jan 02, 2014 6:50:08 PM org.openqa.selenium.remote.RemoteWebDriver log
INFO: Exception: [4fdb146e-ecf5-49c6-882d-a4b8910fdf9e, sendKeysToActiveElement {value=[Ljava.lang.CharSequence;@1aefd28}]
Jan 02, 2014 6:50:08 PM org.openqa.selenium.remote.RemoteWebDriver log
INFO: Executing: quit [4fdb146e-ecf5-49c6-882d-a4b8910fdf9e, quit {}]
Jan 02, 2014 6:50:09 PM org.openqa.selenium.remote.RemoteWebDriver log
INFO: Exception: [4fdb146e-ecf5-49c6-882d-a4b8910fdf9e, quit {}]
</system-err>
  </testcase>
  <testcase time="3.673" classname="WCG.ResourceDirectory.Test_SRD_WCG_TX_US3" name="TC_SRD_US3_1_2[0]"/>
  <testcase time="45.605" classname="WCG.ResourceDirectory.Test_SRD_WCG_TX_US3" name="TC_SRD_US3_3_1[0]">
    <error message="Error communicating with the remote browser. It may have died.
Build info: version: &apos;2.37.0&apos;, revision: &apos;a7c61cbd68657e133ae96672cf995890bad2ee42&apos;, time: &apos;2013-10-18 09:51:02&apos;
System info: host: &apos;AbhishekK&apos;, ip: &apos;192.168.1.200&apos;, os.name: &apos;Windows 7&apos;, os.arch: &apos;x86&apos;, os.version: &apos;6.1&apos;, java.version: &apos;1.7.0_05&apos;
Driver info: driver.version: RemoteWebDriver" type="org.openqa.selenium.remote.UnreachableBrowserException">org.openqa.selenium.remote.UnreachableBrowserException: Error communicating with the remote browser. It may have died.
Build info: version: &apos;2.37.0&apos;, revision: &apos;a7c61cbd68657e133ae96672cf995890bad2ee42&apos;, time: &apos;2013-10-18 09:51:02&apos;
System info: host: &apos;AbhishekK&apos;, ip: &apos;192.168.1.200&apos;, os.name: &apos;Windows 7&apos;, os.arch: &apos;x86&apos;, os.version: &apos;6.1&apos;, java.version: &apos;1.7.0_05&apos;
Driver info: driver.version: RemoteWebDriver
	at org.openqa.selenium.remote.RemoteWebDriver.execute(RemoteWebDriver.java:548)
	at org.openqa.selenium.remote.RemoteWebDriver.get(RemoteWebDriver.java:276)
	at WCG.launchcomponent.Home.wcg_login(Home.java:32)
	at WCG.ResourceDirectory.Test_SRD_WCG_TX_US3.TC_SRD_US3_3_1(Test_SRD_WCG_TX_US3.java:841)
	at sun.reflect.NativeMethodAccessorImpl.invoke0(Native Method)
	at sun.reflect.NativeMethodAccessorImpl.invoke(NativeMethodAccessorImpl.java:57)
	at sun.reflect.DelegatingMethodAccessorImpl.invoke(DelegatingMethodAccessorImpl.java:43)
	at java.lang.reflect.Method.invoke(Method.java:601)
	at org.junit.runners.model.FrameworkMethod$1.runReflectiveCall(FrameworkMethod.java:47)
	at org.junit.internal.runners.model.ReflectiveCallable.run(ReflectiveCallable.java:12)
	at org.junit.runners.model.FrameworkMethod.invokeExplosively(FrameworkMethod.java:44)
	at org.junit.internal.runners.statements.InvokeMethod.evaluate(InvokeMethod.java:17)
	at org.junit.internal.runners.statements.RunBefores.evaluate(RunBefores.java:26)
	at org.junit.internal.runners.statements.RunAfters.evaluate(RunAfters.java:27)
	at org.junit.runners.ParentRunner.runLeaf(ParentRunner.java:271)
	at org.junit.runners.BlockJUnit4ClassRunner.runChild(BlockJUnit4ClassRunner.java:70)
	at org.junit.runners.BlockJUnit4ClassRunner.runChild(BlockJUnit4ClassRunner.java:50)
	at org.junit.runners.ParentRunner$3.run(ParentRunner.java:238)
	at org.junit.runners.ParentRunner$1.schedule(ParentRunner.java:63)
	at org.junit.runners.ParentRunner.runChildren(ParentRunner.java:236)
	at org.junit.runners.ParentRunner.access$000(ParentRunner.java:53)
	at org.junit.runners.ParentRunner$2.evaluate(ParentRunner.java:229)
	at org.junit.runners.ParentRunner.run(ParentRunner.java:309)
	at org.junit.runners.Suite.runChild(Suite.java:127)
	at org.junit.runners.Suite.runChild(Suite.java:26)
	at org.junit.runners.ParentRunner$3.run(ParentRunner.java:238)
	at org.junit.runners.ParentRunner$1.schedule(ParentRunner.java:63)
	at org.junit.runners.ParentRunner.runChildren(ParentRunner.java:236)
	at org.junit.runners.ParentRunner.access$000(ParentRunner.java:53)
	at org.junit.runners.ParentRunner$2.evaluate(ParentRunner.java:229)
	at org.junit.runners.ParentRunner.run(ParentRunner.java:309)
	at org.apache.maven.surefire.junit4.JUnit4TestSet.execute(JUnit4TestSet.java:59)
	at org.apache.maven.surefire.suite.AbstractDirectoryTestSuite.executeTestSet(AbstractDirectoryTestSuite.java:115)
	at org.apache.maven.surefire.suite.AbstractDirectoryTestSuite.execute(AbstractDirectoryTestSuite.java:102)
	at org.apache.maven.surefire.Surefire.run(Surefire.java:180)
	at sun.reflect.NativeMethodAccessorImpl.invoke0(Native Method)
	at sun.reflect.NativeMethodAccessorImpl.invoke(NativeMethodAccessorImpl.java:57)
	at sun.reflect.DelegatingMethodAccessorImpl.invoke(DelegatingMethodAccessorImpl.java:43)
	at java.lang.reflect.Method.invoke(Method.java:601)
	at org.apache.maven.surefire.booter.SurefireBooter.runSuitesInProcess(SurefireBooter.java:350)
	at org.apache.maven.surefire.booter.SurefireBooter.main(SurefireBooter.java:1021)
Caused by: java.net.ConnectException: Connection refused: connect
	at java.net.DualStackPlainSocketImpl.waitForConnect(Native Method)
	at java.net.DualStackPlainSocketImpl.socketConnect(DualStackPlainSocketImpl.java:75)
	at java.net.AbstractPlainSocketImpl.doConnect(AbstractPlainSocketImpl.java:339)
	at java.net.AbstractPlainSocketImpl.connectToAddress(AbstractPlainSocketImpl.java:200)
	at java.net.AbstractPlainSocketImpl.connect(AbstractPlainSocketImpl.java:182)
	at java.net.PlainSocketImpl.connect(PlainSocketImpl.java:157)
	at java.net.SocksSocketImpl.connect(SocksSocketImpl.java:391)
	at java.net.Socket.connect(Socket.java:579)
	at org.apache.http.conn.scheme.PlainSocketFactory.connectSocket(PlainSocketFactory.java:117)
	at org.apache.http.impl.conn.DefaultClientConnectionOperator.openConnection(DefaultClientConnectionOperator.java:178)
	at org.apache.http.impl.conn.AbstractPoolEntry.open(AbstractPoolEntry.java:144)
	at org.apache.http.impl.conn.AbstractPooledConnAdapter.open(AbstractPooledConnAdapter.java:131)
	at org.apache.http.impl.client.DefaultRequestDirector.tryConnect(DefaultRequestDirector.java:610)
	at org.apache.http.impl.client.DefaultRequestDirector.execute(DefaultRequestDirector.java:445)
	at org.apache.http.impl.client.AbstractHttpClient.doExecute(AbstractHttpClient.java:863)
	at org.apache.http.impl.client.CloseableHttpClient.execute(CloseableHttpClient.java:72)
	at org.apache.http.impl.client.CloseableHttpClient.execute(CloseableHttpClient.java:57)
	at org.openqa.selenium.remote.HttpCommandExecutor.fallBackExecute(HttpCommandExecutor.java:319)
	at org.openqa.selenium.remote.HttpCommandExecutor.execute(HttpCommandExecutor.java:298)
	at org.openqa.selenium.firefox.internal.NewProfileExtensionConnection.execute(NewProfileExtensionConnection.java:145)
	at org.openqa.selenium.firefox.FirefoxDriver$LazyCommandExecutor.execute(FirefoxDriver.java:366)
	at org.openqa.selenium.remote.RemoteWebDriver.execute(RemoteWebDriver.java:527)
	... 40 more
</error>
    <system-out>scr 
Simple Class name1: Test_SRD_WCG_TX_US3
current method: TC_SRD_US3_3_1
current method: TC_SRD_US3_3_1
</system-out>
  </testcase>
  <testcase time="45.608" classname="WCG.ResourceDirectory.Test_SRD_WCG_TX_US3" name="TC_SRD_US3_3_1[0]">
    <error message="Error communicating with the remote browser. It may have died.
Build info: version: &apos;2.37.0&apos;, revision: &apos;a7c61cbd68657e133ae96672cf995890bad2ee42&apos;, time: &apos;2013-10-18 09:51:02&apos;
System info: host: &apos;AbhishekK&apos;, ip: &apos;192.168.1.200&apos;, os.name: &apos;Windows 7&apos;, os.arch: &apos;x86&apos;, os.version: &apos;6.1&apos;, java.version: &apos;1.7.0_05&apos;
Driver info: driver.version: RemoteWebDriver" type="org.openqa.selenium.remote.UnreachableBrowserException">org.openqa.selenium.remote.UnreachableBrowserException: Error communicating with the remote browser. It may have died.
Build info: version: &apos;2.37.0&apos;, revision: &apos;a7c61cbd68657e133ae96672cf995890bad2ee42&apos;, time: &apos;2013-10-18 09:51:02&apos;
System info: host: &apos;AbhishekK&apos;, ip: &apos;192.168.1.200&apos;, os.name: &apos;Windows 7&apos;, os.arch: &apos;x86&apos;, os.version: &apos;6.1&apos;, java.version: &apos;1.7.0_05&apos;
Driver info: driver.version: RemoteWebDriver
	at org.openqa.selenium.remote.RemoteWebDriver.execute(RemoteWebDriver.java:548)
	at org.openqa.selenium.remote.RemoteWebDriver.execute(RemoteWebDriver.java:569)
	at org.openqa.selenium.remote.RemoteWebDriver.quit(RemoteWebDriver.java:423)
	at com.compro.automation.core.TestRun.stop(TestRun.java:37)
	at WCG.ResourceDirectory.Test_SRD_WCG_TX_US3.tearDown(Test_SRD_WCG_TX_US3.java:275)
	at sun.reflect.NativeMethodAccessorImpl.invoke0(Native Method)
	at sun.reflect.NativeMethodAccessorImpl.invoke(NativeMethodAccessorImpl.java:57)
	at sun.reflect.DelegatingMethodAccessorImpl.invoke(DelegatingMethodAccessorImpl.java:43)
	at java.lang.reflect.Method.invoke(Method.java:601)
	at org.junit.runners.model.FrameworkMethod$1.runReflectiveCall(FrameworkMethod.java:47)
	at org.junit.internal.runners.model.ReflectiveCallable.run(ReflectiveCallable.java:12)
	at org.junit.runners.model.FrameworkMethod.invokeExplosively(FrameworkMethod.java:44)
	at org.junit.internal.runners.statements.RunAfters.evaluate(RunAfters.java:33)
	at org.junit.runners.ParentRunner.runLeaf(ParentRunner.java:271)
	at org.junit.runners.BlockJUnit4ClassRunner.runChild(BlockJUnit4ClassRunner.java:70)
	at org.junit.runners.BlockJUnit4ClassRunner.runChild(BlockJUnit4ClassRunner.java:50)
	at org.junit.runners.ParentRunner$3.run(ParentRunner.java:238)
	at org.junit.runners.ParentRunner$1.schedule(ParentRunner.java:63)
	at org.junit.runners.ParentRunner.runChildren(ParentRunner.java:236)
	at org.junit.runners.ParentRunner.access$000(ParentRunner.java:53)
	at org.junit.runners.ParentRunner$2.evaluate(ParentRunner.java:229)
	at org.junit.runners.ParentRunner.run(ParentRunner.java:309)
	at org.junit.runners.Suite.runChild(Suite.java:127)
	at org.junit.runners.Suite.runChild(Suite.java:26)
	at org.junit.runners.ParentRunner$3.run(ParentRunner.java:238)
	at org.junit.runners.ParentRunner$1.schedule(ParentRunner.java:63)
	at org.junit.runners.ParentRunner.runChildren(ParentRunner.java:236)
	at org.junit.runners.ParentRunner.access$000(ParentRunner.java:53)
	at org.junit.runners.ParentRunner$2.evaluate(ParentRunner.java:229)
	at org.junit.runners.ParentRunner.run(ParentRunner.java:309)
	at org.apache.maven.surefire.junit4.JUnit4TestSet.execute(JUnit4TestSet.java:59)
	at org.apache.maven.surefire.suite.AbstractDirectoryTestSuite.executeTestSet(AbstractDirectoryTestSuite.java:115)
	at org.apache.maven.surefire.suite.AbstractDirectoryTestSuite.execute(AbstractDirectoryTestSuite.java:102)
	at org.apache.maven.surefire.Surefire.run(Surefire.java:180)
	at sun.reflect.NativeMethodAccessorImpl.invoke0(Native Method)
	at sun.reflect.NativeMethodAccessorImpl.invoke(NativeMethodAccessorImpl.java:57)
	at sun.reflect.DelegatingMethodAccessorImpl.invoke(DelegatingMethodAccessorImpl.java:43)
	at java.lang.reflect.Method.invoke(Method.java:601)
	at org.apache.maven.surefire.booter.SurefireBooter.runSuitesInProcess(SurefireBooter.java:350)
	at org.apache.maven.surefire.booter.SurefireBooter.main(SurefireBooter.java:1021)
Caused by: java.net.ConnectException: Connection refused: connect
	at java.net.DualStackPlainSocketImpl.waitForConnect(Native Method)
	at java.net.DualStackPlainSocketImpl.socketConnect(DualStackPlainSocketImpl.java:75)
	at java.net.AbstractPlainSocketImpl.doConnect(AbstractPlainSocketImpl.java:339)
	at java.net.AbstractPlainSocketImpl.connectToAddress(AbstractPlainSocketImpl.java:200)
	at java.net.AbstractPlainSocketImpl.connect(AbstractPlainSocketImpl.java:182)
	at java.net.PlainSocketImpl.connect(PlainSocketImpl.java:157)
	at java.net.SocksSocketImpl.connect(SocksSocketImpl.java:391)
	at java.net.Socket.connect(Socket.java:579)
	at org.apache.http.conn.scheme.PlainSocketFactory.connectSocket(PlainSocketFactory.java:117)
	at org.apache.http.impl.conn.DefaultClientConnectionOperator.openConnection(DefaultClientConnectionOperator.java:178)
	at org.apache.http.impl.conn.AbstractPoolEntry.open(AbstractPoolEntry.java:144)
	at org.apache.http.impl.conn.AbstractPooledConnAdapter.open(AbstractPooledConnAdapter.java:131)
	at org.apache.http.impl.client.DefaultRequestDirector.tryConnect(DefaultRequestDirector.java:610)
	at org.apache.http.impl.client.DefaultRequestDirector.execute(DefaultRequestDirector.java:445)
	at org.apache.http.impl.client.AbstractHttpClient.doExecute(AbstractHttpClient.java:863)
	at org.apache.http.impl.client.CloseableHttpClient.execute(CloseableHttpClient.java:72)
	at org.apache.http.impl.client.CloseableHttpClient.execute(CloseableHttpClient.java:57)
	at org.openqa.selenium.remote.HttpCommandExecutor.fallBackExecute(HttpCommandExecutor.java:319)
	at org.openqa.selenium.remote.HttpCommandExecutor.execute(HttpCommandExecutor.java:298)
	at org.openqa.selenium.firefox.internal.NewProfileExtensionConnection.execute(NewProfileExtensionConnection.java:145)
	at org.openqa.selenium.firefox.FirefoxDriver$LazyCommandExecutor.execute(FirefoxDriver.java:366)
	at org.openqa.selenium.remote.RemoteWebDriver.execute(RemoteWebDriver.java:527)
	... 39 more
</error>
    <system-out>scr 
Simple Class name1: Test_SRD_WCG_TX_US3
current method: TC_SRD_US3_3_1
current method: TC_SRD_US3_3_1
</system-out>
  </testcase>
  <testcase time="3.017" classname="WCG.ResourceDirectory.Test_SRD_WCG_TX_US3" name="TC_SRD_US3_3_2[0]"/>
  <testcase time="3.113" classname="WCG.ResourceDirectory.Test_SRD_WCG_TX_US3" name="TC_SRD_US3_4_1[0]"/>
</testsuite>